<?xml version="1.0" encoding="UTF-8"?>
<!-- Generated by org.testng.reporters.JUnitReportReporter -->
<testsuite skipped="0" hostname="05a473e802b6" name="com.duckduckgo.tests.SearchTest" tests="5" failures="0" timestamp="2021-10-11T13:52:18 GMT" time="11.748" errors="0">
  <testcase name="search" time="1.927" classname="com.duckduckgo.tests.SearchTest"/>
  <system-out/>
  <testcase name="search" time="2.694" classname="com.duckduckgo.tests.SearchTest"/>
  <system-out/>
  <testcase name="search" time="2.552" classname="com.duckduckgo.tests.SearchTest"/>
  <system-out/>
  <testcase name="search" time="2.362" classname="com.duckduckgo.tests.SearchTest"/>
  <system-out/>
  <testcase name="search" time="2.213" classname="com.duckduckgo.tests.SearchTest"/>
  <system-out/>
</testsuite> <!-- com.duckduckgo.tests.SearchTest -->
